<?xml version="1.0" encoding="UTF-8"?>
<!-- Generated by org.testng.reporters.JUnitXMLReporter -->
<testsuite ignored="0" hostname="LAPTOP-3USBQQ16" failures="0" tests="3" name="Default test" time="19.931" errors="0" timestamp="2024-07-22T00:22:15 IST">
  <testcase classname="com.ui.tests.UIGoogleTests" name="testMethod" time="1.596"/>
  <testcase classname="com.ui.tests.UIGoogleTests" name="openSearchResults" time="2.27"/>
  <testcase classname="com.ui.tests.UIGoogleTests" name="getBrokenLinksTest" time="15.725"/>
</testsuite> <!-- Default test -->
