<?xml version="1.0" encoding="UTF-8"?>
<testsuite xmlns:xsi="http://www.w3.org/2001/XMLSchema-instance" xsi:noNamespaceSchemaLocation="https://maven.apache.org/surefire/maven-surefire-plugin/xsd/surefire-test-report-3.0.xsd" version="3.0" name="TestSuite" time="20.465" tests="12" errors="0" skipped="5" failures="1">
  <properties>
[...]
</properties>
  <testcase name="postAPI" classname="ApiTestRevise.ApitestCases" time="3.433">
    <system-out><![CDATA[933
]]></system-out>
    <system-err><![CDATA[SLF4J(W): No SLF4J providers were found.
SLF4J(W): Defaulting to no-operation (NOP) logger implementation
SLF4J(W): See https://www.slf4j.org/codes.html#noProviders for further details.
]]></system-err>
  </testcase>
  <testcase name="getAfterPost" classname="ApiTestRevise.ApitestCases" time="1.289"/>
  <testcase name="getJWT" classname="ApiTestRevise.ApitestCases" time="1.355">
    <system-out><![CDATA[fa537bc6c602b21
]]></system-out>
  </testcase>
  <testcase name="getPut" classname="ApiTestRevise.ApitestCases" time="1.529">
    <system-out><![CDATA[{"firstname":"Specflow","lastname":"Selenium C#","totalprice":111,"depositpaid":true,"bookingdates":{"checkin":"2018-01-01","checkout":"2019-01-01"},"additionalneeds":"super bowls"}
]]></system-out>
  </testcase>
  <testcase name="patchReq" classname="ApiTestRevise.ApitestCases" time="1.55"/>
  <testcase name="delReq" classname="ApiTestRevise.ApitestCases" time="1.522"/>
  <testcase name="checkReq" classname="ApiTestRevise.ApitestCases" time="0">
    <skipped message="expected [true] but found [false]"/>
  </testcase>
  <testcase name="checkReq" classname="ApiTestRevise.ApitestCases" time="0">
    <skipped message="expected [true] but found [false]"/>
  </testcase>
  <testcase name="checkReq" classname="ApiTestRevise.ApitestCases" time="0">
    <skipped message="expected [true] but found [false]"/>
  </testcase>
  <testcase name="checkReq" classname="ApiTestRevise.ApitestCases" time="0">
    <skipped message="expected [true] but found [false]"/>
  </testcase>
  <testcase name="checkReq" classname="ApiTestRevise.ApitestCases" time="0">
    <skipped message="expected [true] but found [false]"/>
  </testcase>
  <testcase name="checkReq" classname="ApiTestRevise.ApitestCases" time="1.447">
    <failure message="expected [true] but found [false]" type="java.lang.AssertionError"><![CDATA[java.lang.AssertionError: expected [true] but found [false]
	at ApiTestRevise.ApitestCases.checkReq(ApitestCases.java:138)
]]></failure>
  </testcase>
</testsuite>