<?xml version="1.0" encoding="UTF-8"?>
<!-- Generated by org.testng.reporters.JUnitXMLReporter -->
<testsuite ignored="0" hostname="LAPTOP-3USBQQ16" failures="0" tests="7" name="Default test" time="10.222" errors="0" timestamp="2024-07-10T00:35:23 IST">
  <testcase classname="ApiTestRevise.ApitestCases" name="postAPI" time="2.707"/>
  <testcase classname="ApiTestRevise.ApitestCases" name="getAfterPost" time="1.277"/>
  <testcase classname="ApiTestRevise.ApitestCases" name="getJWT" time="1.227"/>
  <testcase classname="ApiTestRevise.ApitestCases" name="getPut" time="1.185"/>
  <testcase classname="ApiTestRevise.ApitestCases" name="patchReq" time="1.163"/>
  <testcase classname="ApiTestRevise.ApitestCases" name="delReq" time="1.187"/>
  <testcase classname="ApiTestRevise.ApitestCases" name="checkReq" time="1.223"/>
</testsuite> <!-- Default test -->
