<?xml version="1.0" encoding="UTF-8"?>
<!-- Generated by org.testng.reporters.JUnitXMLReporter -->
<testsuite ignored="0" hostname="LAPTOP-3USBQQ16" failures="0" tests="7" name="Default test(failed)" time="10.548" errors="0" timestamp="2024-07-10T00:10:25 IST">
  <testcase classname="ApiTestRevise.ApitestCases" name="postAPI" time="2.787"/>
  <testcase classname="ApiTestRevise.ApitestCases" name="getAfterPost" time="1.282"/>
  <testcase classname="ApiTestRevise.ApitestCases" name="getJWT" time="1.225"/>
  <testcase classname="ApiTestRevise.ApitestCases" name="getPut" time="1.215"/>
  <testcase classname="ApiTestRevise.ApitestCases" name="patchReq" time="1.209"/>
  <testcase classname="ApiTestRevise.ApitestCases" name="delReq" time="1.167"/>
  <testcase classname="ApiTestRevise.ApitestCases" name="checkReq" time="1.417"/>
</testsuite> <!-- Default test(failed) -->
