<?xml version="1.0" encoding="UTF-8"?>
<!-- Generated by org.testng.reporters.JUnitXMLReporter -->
<testsuite ignored="0" hostname="LAPTOP-3USBQQ16" failures="1" tests="12" name="Test" time="20.04" errors="0" timestamp="2024-07-12T01:03:43 IST">
  <testcase classname="ApiTestRevise.ApitestCases" name="postAPI" time="3.43"/>
  <testcase classname="ApiTestRevise.ApitestCases" name="getAfterPost" time="1.291"/>
  <testcase classname="ApiTestRevise.ApitestCases" name="getJWT" time="1.354"/>
  <testcase classname="ApiTestRevise.ApitestCases" name="getPut" time="1.527"/>
  <testcase classname="ApiTestRevise.ApitestCases" name="patchReq" time="1.551"/>
  <testcase classname="ApiTestRevise.ApitestCases" name="delReq" time="1.519"/>
  <testcase classname="ApiTestRevise.ApitestCases" name="checkReq" time="1.542">
    <skipped/>
  </testcase> <!-- checkReq -->
  <testcase classname="ApiTestRevise.ApitestCases" name="checkReq" time="1.53">
    <skipped/>
  </testcase> <!-- checkReq -->
  <testcase classname="ApiTestRevise.ApitestCases" name="checkReq" time="1.536">
    <skipped/>
  </testcase> <!-- checkReq -->
  <testcase classname="ApiTestRevise.ApitestCases" name="checkReq" time="1.533">
    <skipped/>
  </testcase> <!-- checkReq -->
  <testcase classname="ApiTestRevise.ApitestCases" name="checkReq" time="1.539">
    <skipped/>
  </testcase> <!-- checkReq -->
  <testcase classname="ApiTestRevise.ApitestCases" name="checkReq" time="1.436">
    <failure type="java.lang.AssertionError" message="expected [true] but found [false]">
      <![CDATA[java.lang.AssertionError: expected [true] but found [false]
at ApiTestRevise.ApitestCases.checkReq(ApitestCases.java:138)
at java.base/java.util.ArrayList.forEach(ArrayList.java:1511)
... Removed 33 stack frames]]>
    </failure>
  </testcase> <!-- checkReq -->
</testsuite> <!-- Test -->
