<?xml version="1.0" encoding="UTF-8"?>
<!-- Generated by org.testng.reporters.JUnitXMLReporter -->
<testsuite ignored="0" hostname="LAPTOP-3USBQQ16" failures="0" tests="7" name="Test" time="11.116" errors="0" timestamp="2024-07-12T02:17:31 IST">
  <testcase classname="ApiTestRevise.ApitestCases" name="postAPI" time="2.821"/>
  <testcase classname="ApiTestRevise.ApitestCases" name="getAfterPost" time="1.266"/>
  <testcase classname="ApiTestRevise.ApitestCases" name="getJWT" time="1.195"/>
  <testcase classname="ApiTestRevise.ApitestCases" name="getPut" time="1.215"/>
  <testcase classname="ApiTestRevise.ApitestCases" name="patchReq" time="1.221"/>
  <testcase classname="ApiTestRevise.ApitestCases" name="delReq" time="1.177"/>
  <testcase classname="ApiTestRevise.ApitestCases" name="checkReq" time="1.566"/>
</testsuite> <!-- Test -->
